<?xml version="1.0" encoding="UTF-8"?>
<!-- Generated by org.testng.reporters.JUnitReportReporter -->
<testsuite hostname="AMIT-D" failures="0" tests="1" name="personal_Details.User_management_details" time="45.284" errors="0" timestamp="2024-05-26T18:16:48 IST" skipped="0">
  <testcase classname="personal_Details.User_management_details" name="verifyfieldEditable" time="45.284"/>
  <system-out/>
</testsuite> <!-- personal_Details.User_management_details -->
