<?xml version="1.0" encoding="UTF-8"?>
<!-- Generated by org.testng.reporters.JUnitReportReporter -->
<testsuite hostname="AMIT-D" failures="0" tests="1" name="cases.Verify_button" time="53.097" errors="0" timestamp="2024-05-24T15:56:52 IST" skipped="0">
  <testcase classname="cases.Verify_button" name="verifyLoginButton" time="53.097"/>
  <system-out/>
</testsuite> <!-- cases.Verify_button -->
