<?xml version="1.0" encoding="UTF-8"?>
<!-- Generated by org.testng.reporters.JUnitReportReporter -->
<testsuite hostname="AMIT-D" failures="0" tests="1" name="personal_Details.User_management_details" time="28.984" errors="0" timestamp="2024-05-25T23:39:03 IST" skipped="0">
  <testcase classname="personal_Details.User_management_details" name="verifyfieldEditable" time="28.984"/>
  <system-out/>
</testsuite> <!-- personal_Details.User_management_details -->
