<?xml version="1.0" encoding="UTF-8"?>
<!-- Generated by org.testng.reporters.JUnitReportReporter -->
<testsuite hostname="AMIT-D" failures="0" tests="1" name="personal_Details.EMPLOYEE_CONTACT_DETAILS" time="31.354" errors="0" timestamp="2024-05-25T17:12:09 IST" skipped="0">
  <testcase classname="personal_Details.EMPLOYEE_CONTACT_DETAILS" name="verifyfieldEditable" time="31.354"/>
  <system-out/>
</testsuite> <!-- personal_Details.EMPLOYEE_CONTACT_DETAILS -->
